{"numTotalTestSuites":36,"numPassedTestSuites":36,"numFailedTestSuites":0,"numPendingTestSuites":0,"numTotalTests":67,"numPassedTests":67,"numFailedTests":0,"numPendingTests":0,"numTodoTests":0,"snapshot":{"added":0,"failure":false,"filesAdded":0,"filesRemoved":0,"filesRemovedList":[],"filesUnmatched":0,"filesUpdated":0,"matched":0,"total":0,"unchecked":0,"uncheckedKeysByFile":[],"unmatched":0,"updated":0,"didUpdate":false},"startTime":1764489586512,"success":true,"testResults":[{"assertionResults":[{"ancestorTitles":["AutoSkip Segment Action Filtering","Configuration Loading"],"fullName":"AutoSkip Segment Action Filtering Configuration Loading should properly load segment configuration from storage","status":"passed","title":"should properly load segment configuration from storage","duration":22.19060000000013,"failureMessages":[],"meta":{}},{"ancestorTitles":["AutoSkip Segment Action Filtering","Configuration Loading"],"fullName":"AutoSkip Segment Action Filtering Configuration Loading should skip segments with action=skip","status":"passed","title":"should skip segments with action=skip","duration":0.3202000000001135,"failureMessages":[],"meta":{}},{"ancestorTitles":["AutoSkip Segment Action Filtering","Configuration Loading"],"fullName":"AutoSkip Segment Action Filtering Configuration Loading should ignore segments with action=ignore","status":"passed","title":"should ignore segments with action=ignore","duration":0.21049999999991087,"failureMessages":[],"meta":{}},{"ancestorTitles":["AutoSkip Segment Action Filtering","Configuration Loading"],"fullName":"AutoSkip Segment Action Filtering Configuration Loading should speed segments with action=speed","status":"passed","title":"should speed segments with action=speed","duration":0.4390000000000782,"failureMessages":[],"meta":{}},{"ancestorTitles":["AutoSkip Segment Action Filtering","Default Actions"],"fullName":"AutoSkip Segment Action Filtering Default Actions should default content to ignore","status":"passed","title":"should default content to ignore","duration":0.5556000000001404,"failureMessages":[],"meta":{}},{"ancestorTitles":["AutoSkip Segment Action Filtering","Default Actions"],"fullName":"AutoSkip Segment Action Filtering Default Actions should default highlight to ignore","status":"passed","title":"should default highlight to ignore","duration":0.3108999999999469,"failureMessages":[],"meta":{}},{"ancestorTitles":["AutoSkip Segment Action Filtering","Default Actions"],"fullName":"AutoSkip Segment Action Filtering Default Actions should default exclusive_access to ignore","status":"passed","title":"should default exclusive_access to ignore","duration":0.31960000000003674,"failureMessages":[],"meta":{}}],"startTime":1764489587777,"endTime":1764489587801.3196,"status":"passed","message":"","name":"C:/AM/GitHub/YouTube-AI-Navigator/tests/autoskip-integration.test.js"},{"assertionResults":[{"ancestorTitles":["CommentsExtractor"],"fullName":"CommentsExtractor should be able to extract comments from DOM structure","status":"passed","title":"should be able to extract comments from DOM structure","duration":1.0380999999999858,"failureMessages":[],"meta":{}}],"startTime":1764489587788,"endTime":1764489587789.038,"status":"passed","message":"","name":"C:/AM/GitHub/YouTube-AI-Navigator/tests/comments.test.js"},{"assertionResults":[{"ancestorTitles":["Comprehensive Segment Settings Tests","Segment Categories Structure"],"fullName":"Comprehensive Segment Settings Tests Segment Categories Structure should have all segment categories","status":"passed","title":"should have all segment categories","duration":2.862500000000182,"failureMessages":[],"meta":{}},{"ancestorTitles":["Comprehensive Segment Settings Tests","Segment Categories Structure"],"fullName":"Comprehensive Segment Settings Tests Segment Categories Structure should have unique colors for all categories","status":"passed","title":"should have unique colors for all categories","duration":0.2801999999999225,"failureMessages":[],"meta":{}},{"ancestorTitles":["Comprehensive Segment Settings Tests","Default Segment Configuration"],"fullName":"Comprehensive Segment Settings Tests Default Segment Configuration should default to ignore for DEFAULT_SEGMENT_CONFIG","status":"passed","title":"should default to ignore for DEFAULT_SEGMENT_CONFIG","duration":0.33150000000000546,"failureMessages":[],"meta":{}},{"ancestorTitles":["Comprehensive Segment Settings Tests","Default Segment Configuration"],"fullName":"Comprehensive Segment Settings Tests Default Segment Configuration should default poi_highlight to ignore","status":"passed","title":"should default poi_highlight to ignore","duration":0.33799999999996544,"failureMessages":[],"meta":{}},{"ancestorTitles":["Comprehensive Segment Settings Tests","Default Segment Configuration"],"fullName":"Comprehensive Segment Settings Tests Default Segment Configuration should default exclusive_access to ignore","status":"passed","title":"should default exclusive_access to ignore","duration":0.18039999999996326,"failureMessages":[],"meta":{}},{"ancestorTitles":["Comprehensive Segment Settings Tests","Default Segment Configuration"],"fullName":"Comprehensive Segment Settings Tests Default Segment Configuration should default sponsor to skip","status":"passed","title":"should default sponsor to skip","duration":0.21469999999999345,"failureMessages":[],"meta":{}},{"ancestorTitles":["Comprehensive Segment Settings Tests","Default Segment Configuration"],"fullName":"Comprehensive Segment Settings Tests Default Segment Configuration should default filler to speed","status":"passed","title":"should default filler to speed","duration":0.1792000000000371,"failureMessages":[],"meta":{}},{"ancestorTitles":["Comprehensive Segment Settings Tests","Default Segment Configuration"],"fullName":"Comprehensive Segment Settings Tests Default Segment Configuration should have speed=2 for all categories","status":"passed","title":"should have speed=2 for all categories","duration":0.4009000000000924,"failureMessages":[],"meta":{}},{"ancestorTitles":["Comprehensive Segment Settings Tests","Settings Persistence"],"fullName":"Comprehensive Segment Settings Tests Settings Persistence should persist segment settings changes","status":"passed","title":"should persist segment settings changes","duration":0.5298000000000229,"failureMessages":[],"meta":{}},{"ancestorTitles":["Comprehensive Segment Settings Tests","Settings Persistence"],"fullName":"Comprehensive Segment Settings Tests Settings Persistence should update speed value correctly","status":"passed","title":"should update speed value correctly","duration":0.1613999999999578,"failureMessages":[],"meta":{}},{"ancestorTitles":["Comprehensive Segment Settings Tests","Settings Persistence"],"fullName":"Comprehensive Segment Settings Tests Settings Persistence should preserve all segments after partial update","status":"passed","title":"should preserve all segments after partial update","duration":0.15599999999994907,"failureMessages":[],"meta":{}},{"ancestorTitles":["Comprehensive Segment Settings Tests","Settings Merge"],"fullName":"Comprehensive Segment Settings Tests Settings Merge should merge loaded settings with defaults","status":"passed","title":"should merge loaded settings with defaults","duration":0.40380000000004657,"failureMessages":[],"meta":{}},{"ancestorTitles":["Comprehensive Segment Settings Tests","Settings Merge"],"fullName":"Comprehensive Segment Settings Tests Settings Merge should preserve enabled flag","status":"passed","title":"should preserve enabled flag","duration":0.20990000000006148,"failureMessages":[],"meta":{}},{"ancestorTitles":["Comprehensive Segment Settings Tests","Segment Actions Validation"],"fullName":"Comprehensive Segment Settings Tests Segment Actions Validation should support ignore action","status":"passed","title":"should support ignore action","duration":0.14889999999991232,"failureMessages":[],"meta":{}},{"ancestorTitles":["Comprehensive Segment Settings Tests","Segment Actions Validation"],"fullName":"Comprehensive Segment Settings Tests Segment Actions Validation should support skip action","status":"passed","title":"should support skip action","duration":0.11539999999990869,"failureMessages":[],"meta":{}},{"ancestorTitles":["Comprehensive Segment Settings Tests","Segment Actions Validation"],"fullName":"Comprehensive Segment Settings Tests Segment Actions Validation should support speed action","status":"passed","title":"should support speed action","duration":0.21039999999993597,"failureMessages":[],"meta":{}},{"ancestorTitles":["Comprehensive Segment Settings Tests","Settings Export/Import"],"fullName":"Comprehensive Segment Settings Tests Settings Export/Import should export settings as JSON","status":"passed","title":"should export settings as JSON","duration":0.8813999999999851,"failureMessages":[],"meta":{}},{"ancestorTitles":["Comprehensive Segment Settings Tests","Settings Export/Import"],"fullName":"Comprehensive Segment Settings Tests Settings Export/Import should import settings from JSON","status":"passed","title":"should import settings from JSON","duration":0.2825000000000273,"failureMessages":[],"meta":{}},{"ancestorTitles":["Comprehensive Segment Settings Tests","Settings Reset"],"fullName":"Comprehensive Segment Settings Tests Settings Reset should reset all settings to defaults","status":"passed","title":"should reset all settings to defaults","duration":0.21659999999997126,"failureMessages":[],"meta":{}},{"ancestorTitles":["Comprehensive Segment Settings Tests","Notification Settings"],"fullName":"Comprehensive Segment Settings Tests Notification Settings should default showNotifications to true","status":"passed","title":"should default showNotifications to true","duration":0.13540000000011787,"failureMessages":[],"meta":{}},{"ancestorTitles":["Comprehensive Segment Settings Tests","Notification Settings"],"fullName":"Comprehensive Segment Settings Tests Notification Settings should persist notification changes","status":"passed","title":"should persist notification changes","duration":0.22329999999988104,"failureMessages":[],"meta":{}}],"startTime":1764489587826,"endTime":1764489587836.2234,"status":"passed","message":"","name":"C:/AM/GitHub/YouTube-AI-Navigator/tests/comprehensive-settings.test.js"},{"assertionResults":[{"ancestorTitles":["ErrorHandler"],"fullName":"ErrorHandler should classify auth error","status":"passed","title":"should classify auth error","duration":1.2364999999999782,"failureMessages":[],"meta":{}},{"ancestorTitles":["ErrorHandler"],"fullName":"ErrorHandler should classify rate limit error","status":"passed","title":"should classify rate limit error","duration":0.22460000000000946,"failureMessages":[],"meta":{}},{"ancestorTitles":["ErrorHandler"],"fullName":"ErrorHandler should classify bad request","status":"passed","title":"should classify bad request","duration":0.1491000000000895,"failureMessages":[],"meta":{}},{"ancestorTitles":["ErrorHandler"],"fullName":"ErrorHandler should classify server error","status":"passed","title":"should classify server error","duration":0.2294000000001688,"failureMessages":[],"meta":{}},{"ancestorTitles":["ErrorHandler"],"fullName":"ErrorHandler should classify timeout","status":"passed","title":"should classify timeout","duration":0.2055000000000291,"failureMessages":[],"meta":{}},{"ancestorTitles":["ErrorHandler"],"fullName":"ErrorHandler should classify network error","status":"passed","title":"should classify network error","duration":0.11310000000003129,"failureMessages":[],"meta":{}},{"ancestorTitles":["ErrorHandler"],"fullName":"ErrorHandler should create user error","status":"passed","title":"should create user error","duration":0.18380000000001928,"failureMessages":[],"meta":{}},{"ancestorTitles":["ErrorHandler"],"fullName":"ErrorHandler should handle unknown errors","status":"passed","title":"should handle unknown errors","duration":0.14429999999993015,"failureMessages":[],"meta":{}}],"startTime":1764489587785,"endTime":1764489587788.1443,"status":"passed","message":"","name":"C:/AM/GitHub/YouTube-AI-Navigator/tests/error-handler.test.js"},{"assertionResults":[{"ancestorTitles":["Import Integrity"],"fullName":"Import Integrity validates all imports have matching exports","status":"passed","title":"validates all imports have matching exports","duration":38.32830000000013,"failureMessages":[],"meta":{}},{"ancestorTitles":["Import Integrity"],"fullName":"Import Integrity validates no default exports","status":"passed","title":"validates no default exports","duration":14.798000000000002,"failureMessages":[],"meta":{}},{"ancestorTitles":["Import Integrity"],"fullName":"Import Integrity validates no duplicate shortcut names","status":"passed","title":"validates no duplicate shortcut names","duration":1.8958999999999833,"failureMessages":[],"meta":{}}],"startTime":1764489587767,"endTime":1764489587822.896,"status":"passed","message":"","name":"C:/AM/GitHub/YouTube-AI-Navigator/tests/import-integrity.test.js"},{"assertionResults":[{"ancestorTitles":["AutoSave"],"fullName":"AutoSave should save settings after delay","status":"passed","title":"should save settings after delay","duration":5.188300000000027,"failureMessages":[],"meta":{}},{"ancestorTitles":["AutoSave"],"fullName":"AutoSave should debounce multiple saves","status":"passed","title":"should debounce multiple saves","duration":0.9576999999999316,"failureMessages":[],"meta":{}},{"ancestorTitles":["AutoSave"],"fullName":"AutoSave should handle save errors","status":"passed","title":"should handle save errors","duration":0.5604000000000724,"failureMessages":[],"meta":{}}],"startTime":1764489587822,"endTime":1764489587828.5603,"status":"passed","message":"","name":"C:/AM/GitHub/YouTube-AI-Navigator/tests/options.test.js"},{"assertionResults":[{"ancestorTitles":["ScrollManager"],"fullName":"ScrollManager should be a singleton","status":"passed","title":"should be a singleton","duration":38.63709999999992,"failureMessages":[],"meta":{}},{"ancestorTitles":["ScrollManager"],"fullName":"ScrollManager should scroll to comments using smart scroll","status":"passed","title":"should scroll to comments using smart scroll","duration":1.2835999999999785,"failureMessages":[],"meta":{}}],"startTime":1764489587777,"endTime":1764489587816.2837,"status":"passed","message":"","name":"C:/AM/GitHub/YouTube-AI-Navigator/tests/scroll-manager.test.js"},{"assertionResults":[{"ancestorTitles":["Segment Configuration"],"fullName":"Segment Configuration default config includes all segment categories","status":"passed","title":"default config includes all segment categories","duration":3.125,"failureMessages":[],"meta":{}},{"ancestorTitles":["Segment Configuration"],"fullName":"Segment Configuration merges loaded settings preserving custom category configs","status":"passed","title":"merges loaded settings preserving custom category configs","duration":0.5954000000001543,"failureMessages":[],"meta":{}}],"startTime":1764489587825,"endTime":1764489587828.5955,"status":"passed","message":"","name":"C:/AM/GitHub/YouTube-AI-Navigator/tests/segments-config.test.js"},{"assertionResults":[{"ancestorTitles":["Segments UI Module Tests","Initialization"],"fullName":"Segments UI Module Tests Initialization should initialize with settings manager","status":"passed","title":"should initialize with settings manager","duration":2.3963999999998578,"failureMessages":[],"meta":{}},{"ancestorTitles":["Segments UI Module Tests","Initialization"],"fullName":"Segments UI Module Tests Initialization should read enabled state from settings","status":"passed","title":"should read enabled state from settings","duration":0.47280000000000655,"failureMessages":[],"meta":{}},{"ancestorTitles":["Segments UI Module Tests","Bulk Operations"],"fullName":"Segments UI Module Tests Bulk Operations should setAll to skip","status":"passed","title":"should setAll to skip","duration":3.3736999999998716,"failureMessages":[],"meta":{}},{"ancestorTitles":["Segments UI Module Tests","Bulk Operations"],"fullName":"Segments UI Module Tests Bulk Operations should setAll to speed","status":"passed","title":"should setAll to speed","duration":2.6751999999999043,"failureMessages":[],"meta":{}},{"ancestorTitles":["Segments UI Module Tests","Bulk Operations"],"fullName":"Segments UI Module Tests Bulk Operations should setAll to ignore","status":"passed","title":"should setAll to ignore","duration":2.3021000000001095,"failureMessages":[],"meta":{}},{"ancestorTitles":["Segments UI Module Tests","Bulk Operations"],"fullName":"Segments UI Module Tests Bulk Operations should preserve speed when changing action","status":"passed","title":"should preserve speed when changing action","duration":1.8607999999999265,"failureMessages":[],"meta":{}},{"ancestorTitles":["Segments UI Module Tests","Individual Updates"],"fullName":"Segments UI Module Tests Individual Updates should update single category action","status":"passed","title":"should update single category action","duration":0.35999999999989996,"failureMessages":[],"meta":{}},{"ancestorTitles":["Segments UI Module Tests","Individual Updates"],"fullName":"Segments UI Module Tests Individual Updates should update single category speed","status":"passed","title":"should update single category speed","duration":0.2545000000000073,"failureMessages":[],"meta":{}},{"ancestorTitles":["Segments UI Module Tests","Individual Updates"],"fullName":"Segments UI Module Tests Individual Updates should create category config if missing","status":"passed","title":"should create category config if missing","duration":0.4339999999999691,"failureMessages":[],"meta":{}},{"ancestorTitles":["Segments UI Module Tests","Settings Synchronization"],"fullName":"Segments UI Module Tests Settings Synchronization should call SettingsManager save on update","status":"passed","title":"should call SettingsManager save on update","duration":0.9571000000000822,"failureMessages":[],"meta":{}},{"ancestorTitles":["Segments UI Module Tests","Settings Synchronization"],"fullName":"Segments UI Module Tests Settings Synchronization should call SettingsManager save on setAll","status":"passed","title":"should call SettingsManager save on setAll","duration":1.7040999999999258,"failureMessages":[],"meta":{}}],"startTime":1764489587827,"endTime":1764489587844.704,"status":"passed","message":"","name":"C:/AM/GitHub/YouTube-AI-Navigator/tests/segments-ui.test.js"},{"assertionResults":[{"ancestorTitles":["SettingsManager"],"fullName":"SettingsManager initializes with default segment categories populated","status":"passed","title":"initializes with default segment categories populated","duration":1.43549999999982,"failureMessages":[],"meta":{}},{"ancestorTitles":["SettingsManager"],"fullName":"SettingsManager includes all segment categories in defaults","status":"passed","title":"includes all segment categories in defaults","duration":0.7182999999999993,"failureMessages":[],"meta":{}},{"ancestorTitles":["SettingsManager"],"fullName":"SettingsManager sets sponsor category to skip by default","status":"passed","title":"sets sponsor category to skip by default","duration":0.14790000000016335,"failureMessages":[],"meta":{}},{"ancestorTitles":["SettingsManager"],"fullName":"SettingsManager sets poi_highlight to ignore by default","status":"passed","title":"sets poi_highlight to ignore by default","duration":0.27959999999984575,"failureMessages":[],"meta":{}},{"ancestorTitles":["SettingsManager"],"fullName":"SettingsManager merges loaded settings with defaults preserving custom values","status":"passed","title":"merges loaded settings with defaults preserving custom values","duration":0.3716999999999189,"failureMessages":[],"meta":{}},{"ancestorTitles":["SettingsManager"],"fullName":"SettingsManager handles empty loaded settings gracefully","status":"passed","title":"handles empty loaded settings gracefully","duration":0.15469999999982065,"failureMessages":[],"meta":{}}],"startTime":1764489587824,"endTime":1764489587827.3716,"status":"passed","message":"","name":"C:/AM/GitHub/YouTube-AI-Navigator/tests/settings-manager.test.js"},{"assertionResults":[{"ancestorTitles":["AutoSkip"],"fullName":"AutoSkip should skip sponsor segments","status":"passed","title":"should skip sponsor segments","duration":3.2971000000000004,"failureMessages":[],"meta":{}},{"ancestorTitles":["AutoSkip"],"fullName":"AutoSkip should speed up intro segments","status":"passed","title":"should speed up intro segments","duration":0.7749999999998636,"failureMessages":[],"meta":{}},{"ancestorTitles":["AutoSkip"],"fullName":"AutoSkip should restore speed after segment","status":"passed","title":"should restore speed after segment","duration":0.6226000000001477,"failureMessages":[],"meta":{}}],"startTime":1764489587823,"endTime":1764489587827.6226,"status":"passed","message":"","name":"C:/AM/GitHub/YouTube-AI-Navigator/tests/skipping.test.js"}]}